<?xml version="1.0" encoding="UTF-8"?>
<!-- Generated by org.testng.reporters.JUnitReportReporter -->
<testsuite skipped="0" hostname="DESKTOP-PEDB311" name="com.dominous.operation.Remo" tests="1" failures="0" timestamp="2021-06-01T03:28:12 PDT" time="0.003" errors="0">
  <testcase name="sumo" time="0.003" classname="com.dominous.operation.Remo"/>
  <system-out>
    <![CDATA[sumo test Started
Sumo tests are runnig successfully
sumo test PASSED]]>
  </system-out>
</testsuite> <!-- com.dominous.operation.Remo -->
