<?xml version="1.0" encoding="UTF-8"?>
<!-- Generated by org.testng.reporters.JUnitReportReporter -->
<testsuite skipped="0" hostname="DESKTOP-PEDB311" name="com.dominous.operation.Demo" tests="1" failures="0" timestamp="2021-06-01T03:28:12 PDT" time="0.006" errors="0">
  <testcase name="run" time="0.006" classname="com.dominous.operation.Demo"/>
  <system-out>
    <![CDATA[run test Started
run tests are running successfully
run test PASSED]]>
  </system-out>
</testsuite> <!-- com.dominous.operation.Demo -->
