<?xml version="1.0" encoding="UTF-8"?>
<!-- Generated by org.testng.reporters.JUnitReportReporter -->
<testsuite skipped="0" hostname="DESKTOP-PEDB311" name="com.dominous.operation.ValidCloneOperation" tests="1" failures="0" timestamp="2021-06-01T03:28:12 PDT" time="30.066" errors="0">
  <testcase name="verifyCloneOperation" time="30.066" classname="com.dominous.operation.ValidCloneOperation"/>
  <system-out>
    <![CDATA[verifyCloneOperation test Started
Home Pageis Displayed, PASS
Displaying Custom View Details Pageis Displayed, PASS
Create Campaign Pageis Displayed, PASS
Clone Campaign Pageis Displayed, PASS
verifyCloneOperation test PASSED]]>
  </system-out>
</testsuite> <!-- com.dominous.operation.ValidCloneOperation -->
