<?xml version="1.0" encoding="UTF-8"?>
<!-- Generated by org.testng.reporters.JUnitReportReporter -->
<testsuite skipped="0" hostname="DESKTOP-PEDB311" name="com.dominous.operation.ValidLoginTest" tests="1" failures="0" timestamp="2021-06-01T03:28:12 PDT" time="9.768" errors="0">
  <testcase name="loginToApp" time="9.768" classname="com.dominous.operation.ValidLoginTest"/>
  <system-out>
    <![CDATA[loginToApp test Started
Home pageis Displayed, PASS
loginToApp test PASSED]]>
  </system-out>
</testsuite> <!-- com.dominous.operation.ValidLoginTest -->
