<?xml version="1.0" encoding="UTF-8"?>
<!-- Generated by org.testng.reporters.JUnitReportReporter -->
<testsuite skipped="0" hostname="DESKTOP-PEDB311" name="com.dominous.operation.VerifyOperationCreation" tests="1" failures="0" timestamp="2021-05-28T12:22:03 PDT" time="144.099" errors="0">
  <testcase name="verifyOperationTest" time="144.099" classname="com.dominous.operation.VerifyOperationCreation"/>
  <system-out>
    <![CDATA[verifyOperationTest test Started
Home pageis Displayed, PASS
custom View Pageis Displayed, PASS
Create Campaign Pageis Displayed, PASS
Our Campaign is Created
verifyOperationTest test PASSED]]>
  </system-out>
</testsuite> <!-- com.dominous.operation.VerifyOperationCreation -->
