<?xml version="1.0" encoding="UTF-8"?>
<!-- Generated by org.testng.reporters.JUnitReportReporter -->
<testsuite skipped="0" hostname="DESKTOP-PEDB311" name="com.dominous.operation.ValidPrintPreviewOperation" tests="1" failures="0" timestamp="2021-06-01T03:28:12 PDT" time="115.049" errors="0">
  <testcase name="VerifyPrintPreviewOperation" time="115.049" classname="com.dominous.operation.ValidPrintPreviewOperation"/>
  <system-out>
    <![CDATA[VerifyPrintPreviewOperation test Started
Home Pageis Displayed, PASS
Displaying Custom View Details Pageis Displayed, PASS
Create Campaign Pageis Displayed, PASS
Print Preview Pageis Displayed, PASS
VerifyPrintPreviewOperation test PASSED]]>
  </system-out>
</testsuite> <!-- com.dominous.operation.ValidPrintPreviewOperation -->
