<?xml version="1.0" encoding="UTF-8"?>
<!-- Generated by org.testng.reporters.JUnitReportReporter -->
<testsuite skipped="0" hostname="DESKTOP-PEDB311" name="com.dominous.operation.VerifyEditOperation" tests="1" failures="0" timestamp="2021-06-01T03:28:12 PDT" time="32.127" errors="0">
  <testcase name="verifyEditOPeration" time="32.127" classname="com.dominous.operation.VerifyEditOperation"/>
  <system-out>
    <![CDATA[verifyEditOPeration test Started
Home Pageis Displayed, PASS
Displaying Custom View Detailsis Displayed, PASS
Create Campaign Pageis Displayed, PASS
Edit Campaign Pageis Displayed, PASS
verifyEditOPeration test PASSED]]>
  </system-out>
</testsuite> <!-- com.dominous.operation.VerifyEditOperation -->
