<?xml version="1.0" encoding="UTF-8"?>
<!-- Generated by org.testng.reporters.JUnitReportReporter -->
<testsuite skipped="0" hostname="DESKTOP-PEDB311" name="com.dominous.operation.VerifyDeleteOperation" tests="1" failures="0" timestamp="2021-06-01T03:28:12 PDT" time="70.256" errors="0">
  <testcase name="verifyDeleteOperation" time="70.256" classname="com.dominous.operation.VerifyDeleteOperation"/>
  <system-out>
    <![CDATA[verifyDeleteOperation test Started
Home Pageis Displayed, PASS
Displaying Custom View Details Pageis Displayed, PASS
Create Campaign Pageis Displayed, PASS
Displaying Custom View Detailsis Displayed, PASS
verifyDeleteOperation test PASSED]]>
  </system-out>
</testsuite> <!-- com.dominous.operation.VerifyDeleteOperation -->
